<?xml version="1.0" encoding="UTF-8"?>
<testsuite name="PangramCheckerTest" tests="10" skipped="0" failures="0" errors="0" timestamp="2019-07-05T10:04:58" hostname="LAPTOP-ON4HQEC7" time="0.003">
  <properties/>
  <testcase name="recognizesPerfectLowerCasePangram" classname="PangramCheckerTest" time="0.0"/>
  <testcase name="pangramWithMixedCaseAndPunctuationIsRecognizedAsPangram" classname="PangramCheckerTest" time="0.0"/>
  <testcase name="pangramWithNumbersIsRecognizedAsPangram" classname="PangramCheckerTest" time="0.001"/>
  <testcase name="phraseMissingCharacterXIsNotPangram" classname="PangramCheckerTest" time="0.0"/>
  <testcase name="phraseMissingAnotherCharacterIsNotPangram" classname="PangramCheckerTest" time="0.0"/>
  <testcase name="pangramWithUnderscoresIsRecognizedAsPangram" classname="PangramCheckerTest" time="0.0"/>
  <testcase name="upperAndLowerCaseVersionsOfTheSameCharacterShouldNotBeCountedSeparately" classname="PangramCheckerTest" time="0.0"/>
  <testcase name="pangramWithOnlyLowerCaseLettersIsRecognizedAsPangram" classname="PangramCheckerTest" time="0.0"/>
  <testcase name="phraseWithMissingLettersReplacedByNumbersIsNotPangram" classname="PangramCheckerTest" time="0.0"/>
  <testcase name="emptySentenceIsNotPangram" classname="PangramCheckerTest" time="0.0"/>
  <system-out><![CDATA[]]></system-out>
  <system-err><![CDATA[]]></system-err>
</testsuite>
