<?xml version="1.0" encoding="UTF-8"?>
<testsuite name="ScrabbleScoreTest" tests="11" skipped="0" failures="0" errors="0" timestamp="2019-07-29T03:34:23" hostname="LAPTOP-ON4HQEC7" time="0.006">
  <properties/>
  <testcase name="testAShortValuableWord" classname="ScrabbleScoreTest" time="0.002"/>
  <testcase name="testEntireAlphabetAvailable" classname="ScrabbleScoreTest" time="0.0"/>
  <testcase name="testAUpperCaseLetter" classname="ScrabbleScoreTest" time="0.001"/>
  <testcase name="testALongMixCaseWord" classname="ScrabbleScoreTest" time="0.0"/>
  <testcase name="testAEnglishLikeWord" classname="ScrabbleScoreTest" time="0.0"/>
  <testcase name="testAValuableLetter" classname="ScrabbleScoreTest" time="0.001"/>
  <testcase name="testALowerCaseLetter" classname="ScrabbleScoreTest" time="0.0"/>
  <testcase name="testAMediumWord" classname="ScrabbleScoreTest" time="0.001"/>
  <testcase name="testAnEmptyInput" classname="ScrabbleScoreTest" time="0.0"/>
  <testcase name="testAShortWord" classname="ScrabbleScoreTest" time="0.0"/>
  <testcase name="testAMediumValuableWord" classname="ScrabbleScoreTest" time="0.001"/>
  <system-out><![CDATA[]]></system-out>
  <system-err><![CDATA[]]></system-err>
</testsuite>
