<?xml version="1.0" encoding="UTF-8"?>
<testsuite name="SeriesTest" tests="10" skipped="0" failures="0" errors="0" timestamp="2019-07-10T06:41:09" hostname="LAPTOP-ON4HQEC7" time="0.006">
  <properties/>
  <testcase name="slicesOfTwo" classname="SeriesTest" time="0.001"/>
  <testcase name="sliceLengthNegative" classname="SeriesTest" time="0.004"/>
  <testcase name="slicesOfTwoOverlap" classname="SeriesTest" time="0.0"/>
  <testcase name="slicesOfLongSeries" classname="SeriesTest" time="0.0"/>
  <testcase name="slicesOfOneFromOne" classname="SeriesTest" time="0.0"/>
  <testcase name="slicesOfOneFromTwo" classname="SeriesTest" time="0.0"/>
  <testcase name="sliceLengthZero" classname="SeriesTest" time="0.0"/>
  <testcase name="sliceLengthIsToolarge" classname="SeriesTest" time="0.0"/>
  <testcase name="slicesIncludeDuplicates" classname="SeriesTest" time="0.0"/>
  <testcase name="emptySeries" classname="SeriesTest" time="0.0"/>
  <system-out><![CDATA[]]></system-out>
  <system-err><![CDATA[]]></system-err>
</testsuite>
