<?xml version="1.0" encoding="UTF-8"?>
<testsuite name="DartsTest" tests="10" skipped="0" failures="0" errors="0" timestamp="2019-07-10T06:48:52" hostname="LAPTOP-ON4HQEC7" time="0.003">
  <properties/>
  <testcase name="testDartLandsOnBorderBetweenMiddleAndInnerCircles" classname="DartsTest" time="0.002"/>
  <testcase name="testDartLandsInTheInnerCircle" classname="DartsTest" time="0.0"/>
  <testcase name="testCoordinatesSumLargerTenWithRadiusToOriginSmallerOrEqualTenScoredOuterCircle" classname="DartsTest" time="0.0"/>
  <testcase name="testDartOutsideTarget" classname="DartsTest" time="0.0"/>
  <testcase name="testDartLandsOnMiddleOfCircle" classname="DartsTest" time="0.0"/>
  <testcase name="testDartLandsInOuterCircle" classname="DartsTest" time="0.0"/>
  <testcase name="testCoordinatesSumLargerOneWithRadiusToOriginSmallerOrEqualOneScoredInnerCircle" classname="DartsTest" time="0.0"/>
  <testcase name="testCoordinatesSumLargerFiveWithRadiusToOriginSmallerOrEqualFiveScoredMiddleCircle" classname="DartsTest" time="0.0"/>
  <testcase name="testDartLandsOnBorderOfTarget" classname="DartsTest" time="0.0"/>
  <testcase name="testDartLandsInBorderBetweenOuterAndMiddleCircles" classname="DartsTest" time="0.0"/>
  <system-out><![CDATA[]]></system-out>
  <system-err><![CDATA[]]></system-err>
</testsuite>
